\BOOKMARK [0][-]{chapter.1}{Why learn how to code}{}% 1
\BOOKMARK [1][-]{section.1.1}{Interest}{chapter.1}% 2
\BOOKMARK [1][-]{section.1.2}{Education}{chapter.1}% 3
\BOOKMARK [1][-]{section.1.3}{Freedom}{chapter.1}% 4
\BOOKMARK [0][-]{chapter.2}{What is coding?}{}% 5
\BOOKMARK [0][-]{chapter.3}{How does a computer work?}{}% 6
\BOOKMARK [1][-]{section.3.1}{Ones and Zeros}{chapter.3}% 7
\BOOKMARK [2][-]{subsection.3.1.1}{Binary}{section.3.1}% 8
\BOOKMARK [2][-]{subsection.3.1.2}{Alternative Number systems}{section.3.1}% 9
\BOOKMARK [2][-]{subsection.3.1.3}{ASCII and Unicode}{section.3.1}% 10
\BOOKMARK [1][-]{section.3.2}{Von-Nueman Architecture}{chapter.3}% 11
\BOOKMARK [2][-]{subsection.3.2.1}{Why do I need to know this?}{section.3.2}% 12
\BOOKMARK [2][-]{subsection.3.2.2}{How is a computer structured}{section.3.2}% 13
\BOOKMARK [0][-]{chapter.4}{Starting with the basics}{}% 14
\BOOKMARK [1][-]{section.4.1}{Getting started}{chapter.4}% 15
\BOOKMARK [1][-]{section.4.2}{New file}{chapter.4}% 16
\BOOKMARK [1][-]{section.4.3}{if, then, else}{chapter.4}% 17
\BOOKMARK [1][-]{section.4.4}{for and while}{chapter.4}% 18
\BOOKMARK [1][-]{section.4.5}{functions}{chapter.4}% 19
\BOOKMARK [0][-]{chapter.5}{Data-structures}{}% 20
\BOOKMARK [1][-]{section.5.1}{Mutable vs Immutable}{chapter.5}% 21
\BOOKMARK [1][-]{section.5.2}{Lists}{chapter.5}% 22
\BOOKMARK [1][-]{section.5.3}{Arrays}{chapter.5}% 23
\BOOKMARK [1][-]{section.5.4}{Tuples}{chapter.5}% 24
\BOOKMARK [1][-]{section.5.5}{Dictionary}{chapter.5}% 25
\BOOKMARK [0][-]{chapter.6}{Simple Algorithms}{}% 26
\BOOKMARK [0][-]{chapter.7}{Practicing the basics}{}% 27
\BOOKMARK [1][-]{section.7.1}{Calculator}{chapter.7}% 28
\BOOKMARK [1][-]{section.7.2}{Chatbot}{chapter.7}% 29
\BOOKMARK [1][-]{section.7.3}{Management System}{chapter.7}% 30
\BOOKMARK [1][-]{section.7.4}{Task Planner}{chapter.7}% 31
\BOOKMARK [0][-]{chapter.8}{Learning some techniques}{}% 32
\BOOKMARK [0][-]{chapter.9}{Logical Thinking}{}% 33
\BOOKMARK [1][-]{section.9.1}{Decomposition}{chapter.9}% 34
\BOOKMARK [1][-]{section.9.2}{Planning}{chapter.9}% 35
\BOOKMARK [2][-]{subsection.9.2.1}{Flowcharts}{section.9.2}% 36
\BOOKMARK [2][-]{subsection.9.2.2}{Psuedocode}{section.9.2}% 37
\BOOKMARK [1][-]{section.9.3}{Mathematics}{chapter.9}% 38
\BOOKMARK [0][-]{chapter.10}{Two Camps}{}% 39
\BOOKMARK [1][-]{section.10.1}{Functional}{chapter.10}% 40
\BOOKMARK [1][-]{section.10.2}{Object Oriented}{chapter.10}% 41
\BOOKMARK [0][-]{chapter.11}{Functional Programming Crash Course}{}% 42
\BOOKMARK [0][-]{chapter.12}{Object Oriented Programming Crash Course}{}% 43
\BOOKMARK [1][-]{section.12.1}{Classes, Methods, and Objects}{chapter.12}% 44
\BOOKMARK [1][-]{section.12.2}{Inheritance}{chapter.12}% 45
\BOOKMARK [1][-]{section.12.3}{Encapsulation}{chapter.12}% 46
\BOOKMARK [1][-]{section.12.4}{Abstraction}{chapter.12}% 47
\BOOKMARK [1][-]{section.12.5}{Polymorphism}{chapter.12}% 48
\BOOKMARK [0][-]{chapter.13}{Hello World!}{}% 49
\BOOKMARK [1][-]{section.13.1}{Where do I go from here?}{chapter.13}% 50
\BOOKMARK [1][-]{section.13.2}{Topic/resources to look into \(by subject area\)}{chapter.13}% 51
\BOOKMARK [2][-]{subsection.13.2.1}{Algorithms and Math}{section.13.2}% 52
\BOOKMARK [2][-]{subsection.13.2.2}{Networking}{section.13.2}% 53
\BOOKMARK [2][-]{subsection.13.2.3}{Data Analysis}{section.13.2}% 54
