\BOOKMARK [0][-]{chapter.1}{\376\377\000W\000h\000y\000\040\000l\000e\000a\000r\000n\000\040\000h\000o\000w\000\040\000t\000o\000\040\000c\000o\000d\000e}{}% 1
\BOOKMARK [1][-]{section.1.1}{\376\377\000I\000n\000t\000e\000r\000e\000s\000t}{chapter.1}% 2
\BOOKMARK [1][-]{section.1.2}{\376\377\000E\000d\000u\000c\000a\000t\000i\000o\000n}{chapter.1}% 3
\BOOKMARK [1][-]{section.1.3}{\376\377\000F\000r\000e\000e\000d\000o\000m}{chapter.1}% 4
\BOOKMARK [0][-]{chapter.2}{\376\377\000W\000h\000a\000t\000\040\000i\000s\000\040\000c\000o\000d\000i\000n\000g\000?}{}% 5
\BOOKMARK [0][-]{chapter.3}{\376\377\000H\000o\000w\000\040\000d\000o\000e\000s\000\040\000a\000\040\000c\000o\000m\000p\000u\000t\000e\000r\000\040\000w\000o\000r\000k\000?}{}% 6
\BOOKMARK [1][-]{section.3.1}{\376\377\000O\000n\000e\000s\000\040\000a\000n\000d\000\040\000Z\000e\000r\000o\000s}{chapter.3}% 7
\BOOKMARK [2][-]{subsection.3.1.1}{\376\377\000B\000i\000n\000a\000r\000y}{section.3.1}% 8
\BOOKMARK [2][-]{subsection.3.1.2}{\376\377\000A\000l\000t\000e\000r\000n\000a\000t\000i\000v\000e\000\040\000N\000u\000m\000b\000e\000r\000\040\000s\000y\000s\000t\000e\000m\000s}{section.3.1}% 9
\BOOKMARK [2][-]{subsection.3.1.3}{\376\377\000A\000S\000C\000I\000I\000\040\000a\000n\000d\000\040\000U\000n\000i\000c\000o\000d\000e}{section.3.1}% 10
\BOOKMARK [1][-]{section.3.2}{\376\377\000V\000o\000n\000-\000N\000u\000e\000m\000a\000n\000\040\000A\000r\000c\000h\000i\000t\000e\000c\000t\000u\000r\000e}{chapter.3}% 11
\BOOKMARK [2][-]{subsection.3.2.1}{\376\377\000W\000h\000y\000\040\000d\000o\000\040\000I\000\040\000n\000e\000e\000d\000\040\000t\000o\000\040\000k\000n\000o\000w\000\040\000t\000h\000i\000s\000?}{section.3.2}% 12
\BOOKMARK [2][-]{subsection.3.2.2}{\376\377\000H\000o\000w\000\040\000i\000s\000\040\000a\000\040\000c\000o\000m\000p\000u\000t\000e\000r\000\040\000s\000t\000r\000u\000c\000t\000u\000r\000e\000d}{section.3.2}% 13
\BOOKMARK [0][-]{chapter.4}{\376\377\000S\000t\000a\000r\000t\000i\000n\000g\000\040\000w\000i\000t\000h\000\040\000t\000h\000e\000\040\000b\000a\000s\000i\000c\000s}{}% 14
\BOOKMARK [1][-]{section.4.1}{\376\377\000G\000e\000t\000t\000i\000n\000g\000\040\000s\000t\000a\000r\000t\000e\000d}{chapter.4}% 15
\BOOKMARK [1][-]{section.4.2}{\376\377\000N\000e\000w\000\040\000f\000i\000l\000e}{chapter.4}% 16
\BOOKMARK [1][-]{section.4.3}{\376\377\000D\000a\000t\000a\000t\000y\000p\000e\000s}{chapter.4}% 17
\BOOKMARK [2][-]{subsection.4.3.1}{\376\377\000P\000r\000i\000m\000i\000t\000a\000v\000e\000s}{section.4.3}% 18
\BOOKMARK [2][-]{subsection.4.3.2}{\376\377\000B\000a\000s\000i\000c\000\040\000N\000o\000n\000-\000P\000r\000i\000m\000i\000t\000a\000v\000e\000s}{section.4.3}% 19
\BOOKMARK [1][-]{section.4.4}{\376\377\000B\000a\000s\000i\000c\000\040\000i\000n\000-\000b\000u\000i\000l\000t\000\040\000f\000u\000n\000c\000t\000i\000o\000n\000s}{chapter.4}% 20
\BOOKMARK [2][-]{subsection.4.4.1}{\376\377\000p\000r\000i\000n\000t\000\050\000\051}{section.4.4}% 21
\BOOKMARK [2][-]{subsection.4.4.2}{\376\377\000i\000n\000p\000u\000t\000\050\000\051}{section.4.4}% 22
\BOOKMARK [2][-]{subsection.4.4.3}{\376\377\000l\000e\000n\000\050\000\051}{section.4.4}% 23
\BOOKMARK [2][-]{subsection.4.4.4}{\376\377\000t\000y\000p\000e\000\050\000\051}{section.4.4}% 24
\BOOKMARK [2][-]{subsection.4.4.5}{\376\377\000M\000a\000t\000h}{section.4.4}% 25
\BOOKMARK [2][-]{subsection.4.4.6}{\376\377\000a\000+\000b}{section.4.4}% 26
\BOOKMARK [2][-]{subsection.4.4.7}{\376\377\000a\000-\000b}{section.4.4}% 27
\BOOKMARK [2][-]{subsection.4.4.8}{\376\377\000a\000*\000b}{section.4.4}% 28
\BOOKMARK [2][-]{subsection.4.4.9}{\376\377\000a\000/\000b}{section.4.4}% 29
\BOOKMARK [1][-]{section.4.5}{\376\377\000i\000f\000,\000\040\000t\000h\000e\000n\000,\000\040\000e\000l\000s\000e}{chapter.4}% 30
\BOOKMARK [1][-]{section.4.6}{\376\377\000f\000o\000r\000\040\000a\000n\000d\000\040\000w\000h\000i\000l\000e}{chapter.4}% 31
\BOOKMARK [2][-]{subsection.4.6.1}{\376\377\000w\000h\000i\000l\000e\000\040\000l\000o\000o\000p\000s}{section.4.6}% 32
\BOOKMARK [2][-]{subsection.4.6.2}{\376\377\000f\000o\000r\000\040\000l\000o\000o\000p\000s}{section.4.6}% 33
\BOOKMARK [2][-]{subsection.4.6.3}{\376\377\000d\000o\000-\000w\000h\000i\000l\000e\000\040\000l\000o\000o\000p\000s}{section.4.6}% 34
\BOOKMARK [2][-]{subsection.4.6.4}{\376\377\000t\000h\000e\000\040\000d\000i\000f\000f\000e\000r\000e\000n\000c\000e}{section.4.6}% 35
\BOOKMARK [1][-]{section.4.7}{\376\377\000f\000u\000n\000c\000t\000i\000o\000n\000s}{chapter.4}% 36
\BOOKMARK [0][-]{chapter.5}{\376\377\000D\000a\000t\000a\000-\000s\000t\000r\000u\000c\000t\000u\000r\000e\000s}{}% 37
\BOOKMARK [1][-]{section.5.1}{\376\377\000M\000u\000t\000a\000b\000l\000e\000\040\000v\000s\000\040\000I\000m\000m\000u\000t\000a\000b\000l\000e}{chapter.5}% 38
\BOOKMARK [1][-]{section.5.2}{\376\377\000L\000i\000s\000t\000s}{chapter.5}% 39
\BOOKMARK [1][-]{section.5.3}{\376\377\000A\000r\000r\000a\000y\000s}{chapter.5}% 40
\BOOKMARK [1][-]{section.5.4}{\376\377\000T\000u\000p\000l\000e\000s}{chapter.5}% 41
\BOOKMARK [1][-]{section.5.5}{\376\377\000S\000e\000t\000s}{chapter.5}% 42
\BOOKMARK [1][-]{section.5.6}{\376\377\000D\000i\000c\000t\000i\000o\000n\000a\000r\000y}{chapter.5}% 43
\BOOKMARK [1][-]{section.5.7}{\376\377\000A\000d\000v\000a\000n\000c\000e\000d\000\040\000D\000a\000t\000a\000-\000s\000t\000r\000u\000c\000t\000u\000r\000e\000s}{chapter.5}% 44
\BOOKMARK [2][-]{subsection.5.7.1}{\376\377\000L\000i\000n\000k\000e\000d\000\040\000L\000i\000s\000t\000s}{section.5.7}% 45
\BOOKMARK [2][-]{subsection.5.7.2}{\376\377\000S\000t\000a\000c\000k\000s}{section.5.7}% 46
\BOOKMARK [2][-]{subsection.5.7.3}{\376\377\000Q\000u\000e\000u\000e\000s}{section.5.7}% 47
\BOOKMARK [2][-]{subsection.5.7.4}{\376\377\000T\000r\000e\000e\000s}{section.5.7}% 48
\BOOKMARK [2][-]{subsection.5.7.5}{\376\377\000H\000e\000a\000p}{section.5.7}% 49
\BOOKMARK [2][-]{subsection.5.7.6}{\376\377\000H\000a\000s\000h\000m\000a\000p\000s}{section.5.7}% 50
\BOOKMARK [2][-]{subsection.5.7.7}{\376\377\000M\000a\000t\000r\000i\000x}{section.5.7}% 51
\BOOKMARK [0][-]{chapter.6}{\376\377\000S\000i\000m\000p\000l\000e\000\040\000A\000l\000g\000o\000r\000i\000t\000h\000m\000s}{}% 52
\BOOKMARK [1][-]{section.6.1}{\376\377\000S\000o\000r\000t\000i\000n\000g}{chapter.6}% 53
\BOOKMARK [2][-]{subsection.6.1.1}{\376\377\000S\000e\000l\000e\000c\000t\000i\000o\000n\000\040\000S\000o\000r\000t}{section.6.1}% 54
\BOOKMARK [2][-]{subsection.6.1.2}{\376\377\000B\000u\000b\000b\000l\000e\000\040\000S\000o\000r\000t}{section.6.1}% 55
\BOOKMARK [2][-]{subsection.6.1.3}{\376\377\000I\000n\000s\000e\000r\000t\000i\000o\000n\000\040\000S\000o\000r\000t}{section.6.1}% 56
\BOOKMARK [2][-]{subsection.6.1.4}{\376\377\000Q\000u\000i\000c\000k\000\040\000S\000o\000r\000t}{section.6.1}% 57
\BOOKMARK [1][-]{section.6.2}{\376\377\000S\000e\000a\000r\000c\000h\000i\000n\000g}{chapter.6}% 58
\BOOKMARK [2][-]{subsection.6.2.1}{\376\377\000L\000i\000n\000e\000a\000r\000\040\000S\000e\000a\000r\000c\000h}{section.6.2}% 59
\BOOKMARK [2][-]{subsection.6.2.2}{\376\377\000B\000i\000n\000a\000r\000y\000\040\000S\000e\000a\000r\000c\000h}{section.6.2}% 60
\BOOKMARK [1][-]{section.6.3}{\376\377\000I\000n\000t\000r\000o\000\040\000t\000o\000\040\000B\000a\000s\000i\000c\000\040\000T\000i\000m\000e\000\040\000C\000o\000m\000p\000l\000e\000x\000i\000t\000y}{chapter.6}% 61
\BOOKMARK [0][-]{chapter.7}{\376\377\000P\000r\000a\000c\000t\000i\000c\000i\000n\000g\000\040\000t\000h\000e\000\040\000b\000a\000s\000i\000c\000s}{}% 62
\BOOKMARK [1][-]{section.7.1}{\376\377\000C\000a\000l\000c\000u\000l\000a\000t\000o\000r}{chapter.7}% 63
\BOOKMARK [1][-]{section.7.2}{\376\377\000C\000h\000a\000t\000b\000o\000t}{chapter.7}% 64
\BOOKMARK [1][-]{section.7.3}{\376\377\000M\000a\000n\000a\000g\000e\000m\000e\000n\000t\000\040\000S\000y\000s\000t\000e\000m}{chapter.7}% 65
\BOOKMARK [1][-]{section.7.4}{\376\377\000T\000a\000s\000k\000\040\000P\000l\000a\000n\000n\000e\000r}{chapter.7}% 66
\BOOKMARK [0][-]{chapter.8}{\376\377\000L\000e\000a\000r\000n\000i\000n\000g\000\040\000s\000o\000m\000e\000\040\000t\000e\000c\000h\000n\000i\000q\000u\000e\000s}{}% 67
\BOOKMARK [1][-]{section.8.1}{\376\377\000N\000a\000m\000i\000n\000g\000\040\000C\000o\000n\000v\000e\000n\000t\000i\000o\000n\000s}{chapter.8}% 68
\BOOKMARK [1][-]{section.8.2}{\376\377\000E\000r\000r\000o\000r\000\040\000A\000n\000a\000l\000y\000s\000i\000s}{chapter.8}% 69
\BOOKMARK [1][-]{section.8.3}{\376\377\000P\000a\000c\000k\000a\000g\000e\000s}{chapter.8}% 70
\BOOKMARK [0][-]{chapter.9}{\376\377\000L\000o\000g\000i\000c\000a\000l\000\040\000T\000h\000i\000n\000k\000i\000n\000g}{}% 71
\BOOKMARK [1][-]{section.9.1}{\376\377\000D\000e\000c\000o\000m\000p\000o\000s\000i\000t\000i\000o\000n}{chapter.9}% 72
\BOOKMARK [2][-]{subsection.9.1.1}{\376\377\000A\000l\000a\000r\000m\000\040\000C\000l\000o\000c\000k\000\040\000E\000x\000a\000m\000p\000l\000e}{section.9.1}% 73
\BOOKMARK [2][-]{subsection.9.1.2}{\376\377\000M\000o\000r\000n\000i\000n\000g\000\040\000R\000o\000u\000t\000i\000n\000e\000\040\000E\000x\000a\000m\000p\000l\000e}{section.9.1}% 74
\BOOKMARK [1][-]{section.9.2}{\376\377\000P\000l\000a\000n\000n\000i\000n\000g}{chapter.9}% 75
\BOOKMARK [2][-]{subsection.9.2.1}{\376\377\000P\000s\000u\000e\000d\000o\000c\000o\000d\000e}{section.9.2}% 76
\BOOKMARK [2][-]{subsection.9.2.2}{\376\377\000F\000l\000o\000w\000c\000h\000a\000r\000t\000s}{section.9.2}% 77
\BOOKMARK [1][-]{section.9.3}{\376\377\000M\000a\000t\000h\000e\000m\000a\000t\000i\000c\000s}{chapter.9}% 78
\BOOKMARK [0][-]{chapter.10}{\376\377\000T\000w\000o\000\040\000C\000a\000m\000p\000s}{}% 79
\BOOKMARK [1][-]{section.10.1}{\376\377\000F\000u\000n\000c\000t\000i\000o\000n\000a\000l}{chapter.10}% 80
\BOOKMARK [1][-]{section.10.2}{\376\377\000O\000b\000j\000e\000c\000t\000\040\000O\000r\000i\000e\000n\000t\000e\000d}{chapter.10}% 81
\BOOKMARK [0][-]{chapter.11}{\376\377\000F\000u\000n\000c\000t\000i\000o\000n\000a\000l\000\040\000P\000r\000o\000g\000r\000a\000m\000m\000i\000n\000g\000\040\000C\000r\000a\000s\000h\000\040\000C\000o\000u\000r\000s\000e}{}% 82
\BOOKMARK [0][-]{chapter.12}{\376\377\000O\000b\000j\000e\000c\000t\000\040\000O\000r\000i\000e\000n\000t\000e\000d\000\040\000P\000r\000o\000g\000r\000a\000m\000m\000i\000n\000g\000\040\000C\000r\000a\000s\000h\000\040\000C\000o\000u\000r\000s\000e}{}% 83
\BOOKMARK [1][-]{section.12.1}{\376\377\000C\000l\000a\000s\000s\000e\000s\000,\000\040\000M\000e\000t\000h\000o\000d\000s\000,\000\040\000a\000n\000d\000\040\000O\000b\000j\000e\000c\000t\000s}{chapter.12}% 84
\BOOKMARK [1][-]{section.12.2}{\376\377\000I\000n\000h\000e\000r\000i\000t\000a\000n\000c\000e}{chapter.12}% 85
\BOOKMARK [1][-]{section.12.3}{\376\377\000E\000n\000c\000a\000p\000s\000u\000l\000a\000t\000i\000o\000n}{chapter.12}% 86
\BOOKMARK [1][-]{section.12.4}{\376\377\000A\000b\000s\000t\000r\000a\000c\000t\000i\000o\000n}{chapter.12}% 87
\BOOKMARK [1][-]{section.12.5}{\376\377\000P\000o\000l\000y\000m\000o\000r\000p\000h\000i\000s\000m}{chapter.12}% 88
\BOOKMARK [0][-]{chapter.13}{\376\377\000H\000e\000l\000l\000o\000\040\000W\000o\000r\000l\000d\000!}{}% 89
\BOOKMARK [1][-]{section.13.1}{\376\377\000W\000h\000e\000r\000e\000\040\000d\000o\000\040\000I\000\040\000g\000o\000\040\000f\000r\000o\000m\000\040\000h\000e\000r\000e\000?}{chapter.13}% 90
\BOOKMARK [1][-]{section.13.2}{\376\377\000T\000o\000p\000i\000c\000/\000r\000e\000s\000o\000u\000r\000c\000e\000s\000\040\000t\000o\000\040\000l\000o\000o\000k\000\040\000i\000n\000t\000o\000\040\000\050\000b\000y\000\040\000s\000u\000b\000j\000e\000c\000t\000\040\000a\000r\000e\000a\000\051}{chapter.13}% 91
\BOOKMARK [2][-]{subsection.13.2.1}{\376\377\000A\000l\000g\000o\000r\000i\000t\000h\000m\000s\000\040\000a\000n\000d\000\040\000M\000a\000t\000h\000e\000m\000a\000t\000i\000c\000s}{section.13.2}% 92
\BOOKMARK [2][-]{subsection.13.2.2}{\376\377\000N\000e\000t\000w\000o\000r\000k\000i\000n\000g}{section.13.2}% 93
\BOOKMARK [2][-]{subsection.13.2.3}{\376\377\000D\000a\000t\000a\000\040\000A\000n\000a\000l\000y\000s\000i\000s}{section.13.2}% 94
\BOOKMARK [0][-]{appendix.A}{\376\377\000B\000i\000b\000l\000i\000o\000g\000r\000a\000p\000h\000y\000\040\000a\000n\000d\000\040\000R\000e\000f\000e\000r\000e\000n\000c\000e\000s}{}% 95
\BOOKMARK [0][-]{appendix.B}{\376\377\000S\000u\000p\000l\000e\000m\000e\000n\000t\000a\000l\000\040\000C\000o\000d\000e}{}% 96
